<?xml version="1.0" encoding="utf-8"?><testsuite errors="0" failures="0" name="pytest" skipped="0" tests="24" time="19.910"><testcase classname="test_smc" file="test_smc.py" line="114" name="test_simple_model[10-XLA-2000-200]" time="0.450"><system-err>2020-06-28 04:40:18.883161: W tensorflow/stream_executor/platform/default/dso_loader.cc:59] Could not load dynamic library &apos;libcuda.so.1&apos;; dlerror: libcuda.so.1: cannot open shared object file: No such file or directory
2020-06-28 04:40:18.883214: E tensorflow/stream_executor/cuda/cuda_driver.cc:313] failed call to cuInit: UNKNOWN ERROR (303)
2020-06-28 04:40:18.883260: I tensorflow/stream_executor/cuda/cuda_diagnostics.cc:156] kernel driver does not appear to be running on this host (rasul-ThinkPad-T470-W10DG): /proc/driver/nvidia/version does not exist
2020-06-28 04:40:18.883537: I tensorflow/core/platform/cpu_feature_guard.cc:142] This TensorFlow binary is optimized with Intel(R) MKL-DNN to use the following CPU instructions in performance-critical operations:  AVX2 FMA
To enable them in other operations, rebuild TensorFlow with the appropriate compiler flags.
2020-06-28 04:40:18.891030: I tensorflow/core/platform/profile_utils/cpu_utils.cc:104] CPU Frequency: 2400000000 Hz
2020-06-28 04:40:18.891485: I tensorflow/compiler/xla/service/service.cc:168] XLA service 0x55baa58f98c0 initialized for platform Host (this does not guarantee that XLA will be used). Devices:
2020-06-28 04:40:18.891527: I tensorflow/compiler/xla/service/service.cc:176]   StreamExecutor device (0): Host, Default Version
</system-err></testcase><testcase classname="test_smc" file="test_smc.py" line="114" name="test_simple_model[10-noXLA-2000-200]" time="0.429"></testcase><testcase classname="test_smc" file="test_smc.py" line="114" name="test_simple_model[11-noXLA-2000-200]" time="0.461"></testcase><testcase classname="test_smc" file="test_smc.py" line="114" name="test_simple_model[11-noXLA-2000-300]" time="0.472"></testcase><testcase classname="test_smc" file="test_smc.py" line="114" name="test_simple_model[11-noXLA-5000-300]" time="0.793"></testcase><testcase classname="test_smc" file="test_smc.py" line="114" name="test_simple_model[11-XLA-5000-300]" time="0.807"></testcase><testcase classname="test_smc" file="test_smc.py" line="114" name="test_simple_model[10-noXLA-5000-300]" time="0.798"></testcase><testcase classname="test_smc" file="test_smc.py" line="114" name="test_simple_model[12-noXLA-5000-300]" time="0.778"></testcase><testcase classname="test_smc" file="test_smc.py" line="114" name="test_simple_model[12-XLA-5000-300]" time="0.923"></testcase><testcase classname="test_smc" file="test_smc.py" line="114" name="test_simple_model[12-noXLA-5000-200]" time="1.088"></testcase><testcase classname="test_smc" file="test_smc.py" line="114" name="test_simple_model[12-XLA-5000-200]" time="0.820"></testcase><testcase classname="test_smc" file="test_smc.py" line="114" name="test_simple_model[12-noXLA-2000-300]" time="0.660"></testcase><testcase classname="test_smc" file="test_smc.py" line="114" name="test_simple_model[12-XLA-2000-300]" time="0.605"></testcase><testcase classname="test_smc" file="test_smc.py" line="114" name="test_simple_model[12-noXLA-2000-200]" time="0.652"></testcase><testcase classname="test_smc" file="test_smc.py" line="114" name="test_simple_model[12-XLA-2000-200]" time="0.667"></testcase><testcase classname="test_smc" file="test_smc.py" line="114" name="test_simple_model[10-XLA-5000-300]" time="0.802"></testcase><testcase classname="test_smc" file="test_smc.py" line="114" name="test_simple_model[11-noXLA-5000-200]" time="0.835"></testcase><testcase classname="test_smc" file="test_smc.py" line="114" name="test_simple_model[11-XLA-5000-200]" time="0.784"></testcase><testcase classname="test_smc" file="test_smc.py" line="114" name="test_simple_model[10-noXLA-5000-200]" time="0.793"></testcase><testcase classname="test_smc" file="test_smc.py" line="114" name="test_simple_model[10-XLA-5000-200]" time="0.676"></testcase><testcase classname="test_smc" file="test_smc.py" line="114" name="test_simple_model[11-XLA-2000-300]" time="0.750"></testcase><testcase classname="test_smc" file="test_smc.py" line="114" name="test_simple_model[10-noXLA-2000-300]" time="0.635"></testcase><testcase classname="test_smc" file="test_smc.py" line="114" name="test_simple_model[10-XLA-2000-300]" time="0.601"></testcase><testcase classname="test_smc" file="test_smc.py" line="114" name="test_simple_model[11-XLA-2000-200]" time="0.723"></testcase></testsuite>