<?xml version="1.0" encoding="utf-8"?><testsuite errors="0" failures="0" name="pytest" skipped="0" tests="13" time="558.982"><testcase classname="test_smc" file="test_smc.py" line="130" name="test_model_conditioned[10-XLA-5000-200]" time="106.894"><system-err>2020-06-29 03:58:03.832166: W tensorflow/stream_executor/platform/default/dso_loader.cc:59] Could not load dynamic library &apos;libcuda.so.1&apos;; dlerror: libcuda.so.1: cannot open shared object file: No such file or directory
2020-06-29 03:58:03.832285: E tensorflow/stream_executor/cuda/cuda_driver.cc:313] failed call to cuInit: UNKNOWN ERROR (303)
2020-06-29 03:58:03.832350: I tensorflow/stream_executor/cuda/cuda_diagnostics.cc:156] kernel driver does not appear to be running on this host (rasul-ThinkPad-T470-W10DG): /proc/driver/nvidia/version does not exist
2020-06-29 03:58:03.833662: I tensorflow/core/platform/cpu_feature_guard.cc:142] This TensorFlow binary is optimized with Intel(R) MKL-DNN to use the following CPU instructions in performance-critical operations:  AVX2 FMA
To enable them in other operations, rebuild TensorFlow with the appropriate compiler flags.
2020-06-29 03:58:03.860953: I tensorflow/core/platform/profile_utils/cpu_utils.cc:104] CPU Frequency: 2400000000 Hz
2020-06-29 03:58:03.862446: I tensorflow/compiler/xla/service/service.cc:168] XLA service 0x5597223c9380 initialized for platform Host (this does not guarantee that XLA will be used). Devices:
2020-06-29 03:58:03.869665: I tensorflow/compiler/xla/service/service.cc:176]   StreamExecutor device (0): Host, Default Version
2020-06-29 03:58:05.606767: E tensorflow/core/grappler/optimizers/meta_optimizer.cc:575] model_pruner failed: Invalid argument: Graph does not contain terminal node StatefulPartitionedCall.
2020-06-29 03:58:05.652849: E tensorflow/core/grappler/optimizers/meta_optimizer.cc:575] model_pruner failed: Invalid argument: Graph does not contain terminal node StatefulPartitionedCall.
2020-06-29 03:58:06.017504: W tensorflow/compiler/tf2xla/kernels/random_ops.cc:241] Warning: Using tf.random.uniform with XLA compilation will ignore seeds; consider using tf.random.stateless_uniform instead if reproducible behavior is desired.
2020-06-29 03:58:06.043661: W tensorflow/compiler/tf2xla/kernels/random_ops.cc:53] Warning: Using tf.random.uniform with XLA compilation will ignore seeds; consider using tf.random.stateless_uniform instead if reproducible behavior is desired.
2020-06-29 03:59:50.045897: I tensorflow/compiler/jit/xla_compilation_cache.cc:314] Compiled cluster using XLA!  This line is logged at most once for the lifetime of the process.
</system-err></testcase><testcase classname="test_smc" file="test_smc.py" line="130" name="test_model_conditioned[10-noXLA-5000-200]" time="3.066"></testcase><testcase classname="test_smc" file="test_smc.py" line="130" name="test_model_conditioned[10-noXLA-5000-300]" time="3.699"></testcase><testcase classname="test_smc" file="test_smc.py" line="130" name="test_model_conditioned[11-noXLA-5000-300]" time="3.515"></testcase><testcase classname="test_smc" file="test_smc.py" line="130" name="test_model_conditioned[11-XLA-5000-300]" time="78.469"><system-err>2020-06-29 04:00:02.927604: E tensorflow/core/grappler/optimizers/meta_optimizer.cc:575] model_pruner failed: Invalid argument: Graph does not contain terminal node StatefulPartitionedCall.
2020-06-29 04:00:02.977856: E tensorflow/core/grappler/optimizers/meta_optimizer.cc:575] model_pruner failed: Invalid argument: Graph does not contain terminal node StatefulPartitionedCall.
</system-err></testcase><testcase classname="test_smc" file="test_smc.py" line="130" name="test_model_conditioned[11-noXLA-5000-200]" time="2.159"></testcase><testcase classname="test_smc" file="test_smc.py" line="130" name="test_model_conditioned[11-XLA-5000-200]" time="70.225"><system-err>2020-06-29 04:01:22.976716: E tensorflow/core/grappler/optimizers/meta_optimizer.cc:575] model_pruner failed: Invalid argument: Graph does not contain terminal node StatefulPartitionedCall.
2020-06-29 04:01:23.015765: E tensorflow/core/grappler/optimizers/meta_optimizer.cc:575] model_pruner failed: Invalid argument: Graph does not contain terminal node StatefulPartitionedCall.
</system-err></testcase><testcase classname="test_smc" file="test_smc.py" line="130" name="test_model_conditioned[12-noXLA-5000-300]" time="2.994"><system-err>WARNING: Logging before flag parsing goes to stderr.
W0629 04:02:34.848478 140670240290624 def_function.py:120] 5 out of the last 5 calls to &lt;function sample_smc.&lt;locals&gt;.run_smc at 0x7fefcc1341e0&gt; triggered tf.function retracing. Tracing is expensive and the excessive number of tracings could be due to (1) creating @tf.function repeatedly in a loop, (2) passing tensors with different shapes, (3) passing Python objects instead of tensors. For (1), please define your @tf.function outside of the loop. For (2), @tf.function has experimental_relax_shapes=True option that relaxes argument shapes that can avoid unnecessary retracing. For (3), please refer to https://www.tensorflow.org/tutorials/customization/performance#python_or_tensor_args and https://www.tensorflow.org/api_docs/python/tf/function for  more details.
</system-err></testcase><testcase classname="test_smc" file="test_smc.py" line="130" name="test_model_conditioned[12-XLA-5000-300]" time="89.032"><system-err>2020-06-29 04:02:36.188295: E tensorflow/core/grappler/optimizers/meta_optimizer.cc:575] model_pruner failed: Invalid argument: Graph does not contain terminal node StatefulPartitionedCall.
2020-06-29 04:02:36.234014: E tensorflow/core/grappler/optimizers/meta_optimizer.cc:575] model_pruner failed: Invalid argument: Graph does not contain terminal node StatefulPartitionedCall.
</system-err></testcase><testcase classname="test_smc" file="test_smc.py" line="130" name="test_model_conditioned[12-noXLA-5000-200]" time="2.159"><system-err>W0629 04:04:06.047931 140670240290624 def_function.py:120] 6 out of the last 6 calls to &lt;function sample_smc.&lt;locals&gt;.run_smc at 0x7fefac08a840&gt; triggered tf.function retracing. Tracing is expensive and the excessive number of tracings could be due to (1) creating @tf.function repeatedly in a loop, (2) passing tensors with different shapes, (3) passing Python objects instead of tensors. For (1), please define your @tf.function outside of the loop. For (2), @tf.function has experimental_relax_shapes=True option that relaxes argument shapes that can avoid unnecessary retracing. For (3), please refer to https://www.tensorflow.org/tutorials/customization/performance#python_or_tensor_args and https://www.tensorflow.org/api_docs/python/tf/function for  more details.
</system-err></testcase><testcase classname="test_smc" file="test_smc.py" line="130" name="test_model_conditioned[12-XLA-5000-200]" time="91.905"><system-err>2020-06-29 04:04:07.388790: E tensorflow/core/grappler/optimizers/meta_optimizer.cc:575] model_pruner failed: Invalid argument: Graph does not contain terminal node StatefulPartitionedCall.
2020-06-29 04:04:07.430854: E tensorflow/core/grappler/optimizers/meta_optimizer.cc:575] model_pruner failed: Invalid argument: Graph does not contain terminal node StatefulPartitionedCall.
W0629 04:05:37.941108 140670240290624 def_function.py:120] 5 out of the last 5 calls to &lt;function compile.&lt;locals&gt;.xla_compile_wrapper at 0x7fef9db4e620&gt; triggered tf.function retracing. Tracing is expensive and the excessive number of tracings could be due to (1) creating @tf.function repeatedly in a loop, (2) passing tensors with different shapes, (3) passing Python objects instead of tensors. For (1), please define your @tf.function outside of the loop. For (2), @tf.function has experimental_relax_shapes=True option that relaxes argument shapes that can avoid unnecessary retracing. For (3), please refer to https://www.tensorflow.org/tutorials/customization/performance#python_or_tensor_args and https://www.tensorflow.org/api_docs/python/tf/function for  more details.
</system-err></testcase><testcase classname="test_smc" file="test_smc.py" line="130" name="test_model_conditioned[10-XLA-5000-300]" time="99.203"><system-err>2020-06-29 04:05:39.768291: E tensorflow/core/grappler/optimizers/meta_optimizer.cc:575] model_pruner failed: Invalid argument: Graph does not contain terminal node StatefulPartitionedCall.
2020-06-29 04:05:39.822987: E tensorflow/core/grappler/optimizers/meta_optimizer.cc:575] model_pruner failed: Invalid argument: Graph does not contain terminal node StatefulPartitionedCall.
W0629 04:07:17.159934 140670240290624 def_function.py:120] 6 out of the last 6 calls to &lt;function compile.&lt;locals&gt;.xla_compile_wrapper at 0x7fef9dc8cbf8&gt; triggered tf.function retracing. Tracing is expensive and the excessive number of tracings could be due to (1) creating @tf.function repeatedly in a loop, (2) passing tensors with different shapes, (3) passing Python objects instead of tensors. For (1), please define your @tf.function outside of the loop. For (2), @tf.function has experimental_relax_shapes=True option that relaxes argument shapes that can avoid unnecessary retracing. For (3), please refer to https://www.tensorflow.org/tutorials/customization/performance#python_or_tensor_args and https://www.tensorflow.org/api_docs/python/tf/function for  more details.
</system-err></testcase><testcase classname="test_smc" file="test_smc.py" line="137" name="test_model_no_observed" time="0.015"></testcase></testsuite>